<?xml version="1.0" encoding="UTF-8"?>
<!-- Generated by org.testng.reporters.JUnitXMLReporter -->
<testsuite ignored="0" hostname="DESKTOP-F194BDL" failures="0" tests="1" name="DevEnvironment" time="0.129" errors="0" timestamp="2023-10-16T08:16:39 IST">
  <testcase classname="base.homeModuleTest" name="@BeforeTest browser" time="0.016">
    <failure type="java.io.FileNotFoundException" message="C:\Users\Hp\Desktop\Automation Testing\FirstAsg\Resourses\environment.properties (The system cannot find the file specified)">
      <![CDATA[java.io.FileNotFoundException: C:\Users\Hp\Desktop\Automation Testing\FirstAsg\Resourses\environment.properties (The system cannot find the file specified)
at java.base/java.io.FileInputStream.open0(Native Method)
at java.base/java.io.FileInputStream.open(FileInputStream.java:216)
at java.base/java.io.FileInputStream.<init>(FileInputStream.java:157)
at java.base/java.io.FileInputStream.<init>(FileInputStream.java:111)
at base.init.BrowserInitilization(init.java:30)
at base.homeModuleTest.browser(homeModuleTest.java:38)
... Removed 24 stack frames]]>
    </failure>
  </testcase> <!-- @BeforeTest browser -->
  <testcase classname="base.homeModuleTest" name="@AfterTest tearDown" time="0.0">
    <skipped/>
  </testcase> <!-- @AfterTest tearDown -->
  <testcase classname="base.homeModuleTest" name="ProductSelection" time="0.0">
    <skipped/>
  </testcase> <!-- ProductSelection -->
</testsuite> <!-- DevEnvironment -->
